<?xml version="1.0" encoding="UTF-8"?>
<testng-results ignored="0" total="1" passed="1" failed="0" skipped="0">
  <reporter-output>
  </reporter-output>
  <suite started-at="2024-03-15T13:58:05 IST" name="Suite" finished-at="2024-03-15T13:59:21 IST" duration-ms="76038">
    <groups>
    </groups>
    <test started-at="2024-03-15T13:58:05 IST" name="Test" finished-at="2024-03-15T13:59:21 IST" duration-ms="76038">
      <class name="testScripts.CreateOrgTest">
        <test-method is-config="true" signature="classSetup()[pri:0, instance:testScripts.CreateOrgTest@2e8c1c9b]" started-at="2024-03-15T13:58:05 IST" name="classSetup" finished-at="2024-03-15T13:58:07 IST" duration-ms="1803" status="PASS">
          <reporter-output>
          </reporter-output>
        </test-method> <!-- classSetup -->
        <test-method is-config="true" signature="methodSetup()[pri:0, instance:testScripts.CreateOrgTest@2e8c1c9b]" started-at="2024-03-15T13:58:07 IST" name="methodSetup" finished-at="2024-03-15T13:58:45 IST" duration-ms="37723" status="PASS">
          <reporter-output>
          </reporter-output>
        </test-method> <!-- methodSetup -->
        <test-method signature="createNewOrgTest()[pri:0, instance:testScripts.CreateOrgTest@2e8c1c9b]" started-at="2024-03-15T13:58:45 IST" name="createNewOrgTest" finished-at="2024-03-15T13:59:19 IST" duration-ms="34057" status="PASS">
          <reporter-output>
          </reporter-output>
        </test-method> <!-- createNewOrgTest -->
        <test-method is-config="true" signature="methodTeardown()[pri:0, instance:testScripts.CreateOrgTest@2e8c1c9b]" started-at="2024-03-15T13:59:19 IST" name="methodTeardown" finished-at="2024-03-15T13:59:21 IST" duration-ms="1903" status="PASS">
          <reporter-output>
          </reporter-output>
        </test-method> <!-- methodTeardown -->
        <test-method is-config="true" signature="classTeardown()[pri:0, instance:testScripts.CreateOrgTest@2e8c1c9b]" started-at="2024-03-15T13:59:21 IST" name="classTeardown" finished-at="2024-03-15T13:59:21 IST" duration-ms="212" status="PASS">
          <reporter-output>
          </reporter-output>
        </test-method> <!-- classTeardown -->
      </class> <!-- testScripts.CreateOrgTest -->
    </test> <!-- Test -->
  </suite> <!-- Suite -->
</testng-results>
